Started at Sat Jun 06 19:51:16 UTC 2020
Processing Deploy from Git to vagrant web
Offering Deploy from Git to vagrant web to Project Build Discarder
Deploy from Git to vagrant web accepted by Project Build Discarder
Processing Deploy to vagrant web
Offering Deploy to vagrant web to Project Build Discarder
Finished at Sat Jun 06 19:51:16 UTC 2020. 520ms
Started at Sat Jun 06 20:51:16 UTC 2020
Processing Deploy from Git to vagrant web
Offering Deploy from Git to vagrant web to Project Build Discarder
Deploy from Git to vagrant web accepted by Project Build Discarder
Processing Deploy to vagrant web
Offering Deploy to vagrant web to Project Build Discarder
Finished at Sat Jun 06 20:51:16 UTC 2020. 14ms
Started at Sat Jun 06 21:51:16 UTC 2020
Processing Deploy from Git to vagrant web
Offering Deploy from Git to vagrant web to Project Build Discarder
Deploy from Git to vagrant web accepted by Project Build Discarder
Processing Deploy to vagrant web
Offering Deploy to vagrant web to Project Build Discarder
Finished at Sat Jun 06 21:51:16 UTC 2020. 28ms
